0 info it worked if it ends with ok
1 verbose cli [ '/usr/local/bin/node', '/usr/local/bin/npm', 'i', '-g', 'serve' ]
2 info using npm@2.14.12
3 info using node@v4.3.1
4 verbose install initial load of /usr/local/lib/package.json
5 verbose readDependencies loading dependencies from /usr/local/lib/package.json
6 silly cache add args [ 'serve', null ]
7 verbose cache add spec serve
8 silly cache add parsed spec Result {
8 silly cache add   raw: 'serve',
8 silly cache add   scope: null,
8 silly cache add   name: 'serve',
8 silly cache add   rawSpec: '',
8 silly cache add   spec: 'latest',
8 silly cache add   type: 'tag' }
9 silly addNamed serve@latest
10 verbose addNamed "latest" is being treated as a dist-tag for serve
11 info addNameTag [ 'serve', 'latest' ]
12 silly mapToRegistry name serve
13 silly mapToRegistry using default registry
14 silly mapToRegistry registry https://registry.npmjs.org/
15 silly mapToRegistry uri https://registry.npmjs.org/serve
16 verbose addNameTag registry:https://registry.npmjs.org/serve not in flight; fetching
17 verbose request uri https://registry.npmjs.org/serve
18 verbose request no auth needed
19 info attempt registry request try #1 at 10:23:14 AM
20 verbose request id f85493f1c75791d0
21 http request GET https://registry.npmjs.org/serve
22 http 200 https://registry.npmjs.org/serve
23 verbose headers { server: 'CouchDB/1.5.0 (Erlang OTP/R16B03)',
23 verbose headers   etag: '"CIPWL4GM8KFRG7TXMI673JJ9W"',
23 verbose headers   'content-type': 'application/json',
23 verbose headers   'cache-control': 'max-age=300',
23 verbose headers   'content-length': '14763',
23 verbose headers   'accept-ranges': 'bytes',
23 verbose headers   date: 'Sat, 05 Mar 2016 18:23:14 GMT',
23 verbose headers   via: '1.1 varnish',
23 verbose headers   age: '6',
23 verbose headers   connection: 'keep-alive',
23 verbose headers   'x-served-by': 'cache-lax1423-LAX',
23 verbose headers   'x-cache': 'HIT',
23 verbose headers   'x-cache-hits': '1',
23 verbose headers   'x-timer': 'S1457202194.783360,VS0,VE0',
23 verbose headers   vary: 'Accept' }
24 silly get cb [ 200,
24 silly get   { server: 'CouchDB/1.5.0 (Erlang OTP/R16B03)',
24 silly get     etag: '"CIPWL4GM8KFRG7TXMI673JJ9W"',
24 silly get     'content-type': 'application/json',
24 silly get     'cache-control': 'max-age=300',
24 silly get     'content-length': '14763',
24 silly get     'accept-ranges': 'bytes',
24 silly get     date: 'Sat, 05 Mar 2016 18:23:14 GMT',
24 silly get     via: '1.1 varnish',
24 silly get     age: '6',
24 silly get     connection: 'keep-alive',
24 silly get     'x-served-by': 'cache-lax1423-LAX',
24 silly get     'x-cache': 'HIT',
24 silly get     'x-cache-hits': '1',
24 silly get     'x-timer': 'S1457202194.783360,VS0,VE0',
24 silly get     vary: 'Accept' } ]
25 verbose get saving serve to /Users/johnfranklin/.npm/registry.npmjs.org/serve/.cache.json
26 silly addNameTag next cb for serve with tag latest
27 silly addNamed serve@1.4.0
28 verbose addNamed "1.4.0" is a plain semver version for serve
29 silly mapToRegistry name serve
30 silly mapToRegistry using default registry
31 silly mapToRegistry registry https://registry.npmjs.org/
32 silly mapToRegistry uri https://registry.npmjs.org/serve
33 verbose addRemoteTarball https://registry.npmjs.org/serve/-/serve-1.4.0.tgz not in flight; adding
34 verbose addRemoteTarball [ 'https://registry.npmjs.org/serve/-/serve-1.4.0.tgz',
34 verbose addRemoteTarball   'e35f3ce6b42586b7f3ded7b5b0a31a01bb0e1005' ]
35 info retry fetch attempt 1 at 10:23:14 AM
36 info attempt registry request try #1 at 10:23:14 AM
37 http fetch GET https://registry.npmjs.org/serve/-/serve-1.4.0.tgz
38 http fetch 200 https://registry.npmjs.org/serve/-/serve-1.4.0.tgz
39 silly fetchAndShaCheck shasum e35f3ce6b42586b7f3ded7b5b0a31a01bb0e1005
40 verbose addTmpTarball /var/folders/sm/llfjfhkd6ss9hwqzny381qwc0000gn/T/npm-742-1e85a17f/registry.npmjs.org/serve/-/serve-1.4.0.tgz not in flight; adding
41 verbose addTmpTarball already have metadata; skipping unpack for serve@1.4.0
42 silly cache afterAdd serve@1.4.0
43 verbose afterAdd /Users/johnfranklin/.npm/serve/1.4.0/package/package.json not in flight; writing
44 verbose afterAdd /Users/johnfranklin/.npm/serve/1.4.0/package/package.json written
45 silly install resolved [ { name: 'serve',
45 silly install resolved     version: '1.4.0',
45 silly install resolved     description: 'Simple command-line file / directory server built with connect',
45 silly install resolved     keywords: [ 'static', 'server', 'connect' ],
45 silly install resolved     author: { name: 'TJ Holowaychuk', email: 'tj@vision-media.ca' },
45 silly install resolved     preferGlobal: true,
45 silly install resolved     homepage: 'https://github.com/visionmedia/serve',
45 silly install resolved     repository: { type: 'git', url: 'https://github.com/visionmedia/serve.git' },
45 silly install resolved     dependencies:
45 silly install resolved      { connect: '2.3.x',
45 silly install resolved        stylus: '*',
45 silly install resolved        jade: '*',
45 silly install resolved        'less-middleware': '*',
45 silly install resolved        commander: '0.6.1' },
45 silly install resolved     bin: { serve: './bin/serve' },
45 silly install resolved     bugs: { url: 'https://github.com/visionmedia/serve/issues' },
45 silly install resolved     _id: 'serve@1.4.0',
45 silly install resolved     dist:
45 silly install resolved      { shasum: 'e35f3ce6b42586b7f3ded7b5b0a31a01bb0e1005',
45 silly install resolved        tarball: 'http://registry.npmjs.org/serve/-/serve-1.4.0.tgz' },
45 silly install resolved     _from: 'serve@latest',
45 silly install resolved     _npmVersion: '1.4.4',
45 silly install resolved     _npmUser: { name: 'tjholowaychuk', email: 'tj@vision-media.ca' },
45 silly install resolved     maintainers: [ [Object] ],
45 silly install resolved     directories: {},
45 silly install resolved     _shasum: 'e35f3ce6b42586b7f3ded7b5b0a31a01bb0e1005',
45 silly install resolved     _resolved: 'https://registry.npmjs.org/serve/-/serve-1.4.0.tgz' } ]
46 info install serve@1.4.0 into /usr/local/lib
47 info installOne serve@1.4.0
48 verbose installOne of serve to /usr/local/lib not in flight; installing
49 verbose lock using /Users/johnfranklin/.npm/_locks/serve-6627f39219900269.lock for /usr/local/lib/node_modules/serve
50 silly install write writing serve 1.4.0 to /usr/local/lib/node_modules/serve
51 verbose unbuild lib/node_modules/serve
52 silly gentlyRm /usr/local/lib/node_modules/serve is being purged from base /usr/local
53 verbose gentlyRm don't care about contents; nuking /usr/local/lib/node_modules/serve
54 verbose tar unpack /Users/johnfranklin/.npm/serve/1.4.0/package.tgz
55 verbose tar unpacking to /usr/local/lib/node_modules/serve
56 silly gentlyRm /usr/local/lib/node_modules/serve is being purged
57 verbose gentlyRm don't care about contents; nuking /usr/local/lib/node_modules/serve
58 silly gunzTarPerm modes [ '755', '644' ]
59 error tar.unpack untar error /Users/johnfranklin/.npm/serve/1.4.0/package.tgz
60 verbose unlock done using /Users/johnfranklin/.npm/_locks/serve-6627f39219900269.lock for /usr/local/lib/node_modules/serve
61 verbose fstream_path /usr/local/lib/node_modules/serve
62 verbose fstream_type Directory
63 verbose fstream_class DirWriter
64 verbose stack Error: EACCES: permission denied, mkdir '/usr/local/lib/node_modules/serve'
64 verbose stack     at Error (native)
65 verbose fstream_stack /usr/local/lib/node_modules/npm/node_modules/fstream/lib/dir-writer.js:35:25
65 verbose fstream_stack /usr/local/lib/node_modules/npm/node_modules/mkdirp/index.js:47:53
65 verbose fstream_stack FSReqWrap.oncomplete (fs.js:82:15)
66 verbose cwd /Users/johnfranklin/code/expressintro
67 error Darwin 15.3.0
68 error argv "/usr/local/bin/node" "/usr/local/bin/npm" "i" "-g" "serve"
69 error node v4.3.1
70 error npm  v2.14.12
71 error path /usr/local/lib/node_modules/serve
72 error code EACCES
73 error errno -13
74 error syscall mkdir
75 error Error: EACCES: permission denied, mkdir '/usr/local/lib/node_modules/serve'
75 error     at Error (native)
75 error  { [Error: EACCES: permission denied, mkdir '/usr/local/lib/node_modules/serve']
75 error   errno: -13,
75 error   code: 'EACCES',
75 error   syscall: 'mkdir',
75 error   path: '/usr/local/lib/node_modules/serve',
75 error   fstream_type: 'Directory',
75 error   fstream_path: '/usr/local/lib/node_modules/serve',
75 error   fstream_class: 'DirWriter',
75 error   fstream_stack:
75 error    [ '/usr/local/lib/node_modules/npm/node_modules/fstream/lib/dir-writer.js:35:25',
75 error      '/usr/local/lib/node_modules/npm/node_modules/mkdirp/index.js:47:53',
75 error      'FSReqWrap.oncomplete (fs.js:82:15)' ] }
76 error Please try running this command again as root/Administrator.
77 verbose exit [ -13, true ]
78 verbose unbuild lib/node_modules/serve
79 silly gentlyRm /usr/local/lib/node_modules/serve is being purged from base /usr/local
80 verbose gentlyRm don't care about contents; nuking /usr/local/lib/node_modules/serve
