0 info it worked if it ends with ok
1 verbose cli [ '/Users/johnfranklin/.nvm/versions/node/v4.3.1/bin/node',
1 verbose cli   '/Users/johnfranklin/.nvm/versions/node/v4.3.1/bin/npm',
1 verbose cli   'i',
1 verbose cli   '--save',
1 verbose cli   'body_parser' ]
2 info using npm@3.7.5
3 info using node@v4.3.1
4 silly loadCurrentTree Starting
5 silly install loadCurrentTree
6 silly install readLocalPackageData
7 silly fetchPackageMetaData body_parser
8 silly fetchNamedPackageData body_parser
9 silly mapToRegistry name body_parser
10 silly mapToRegistry using default registry
11 silly mapToRegistry registry https://registry.npmjs.org/
12 silly mapToRegistry uri https://registry.npmjs.org/body_parser
13 verbose request uri https://registry.npmjs.org/body_parser
14 verbose request no auth needed
15 info attempt registry request try #1 at 5:12:48 PM
16 verbose request id 89a708d6534cd49b
17 http request GET https://registry.npmjs.org/body_parser
18 http 404 https://registry.npmjs.org/body_parser
19 verbose headers { server: 'CouchDB/1.5.0 (Erlang OTP/R16B03)',
19 verbose headers   etag: '"1FN33H7U7DQMLDBI38J6ASB3S"',
19 verbose headers   'content-type': 'application/json',
19 verbose headers   'cache-control': 'max-age=0',
19 verbose headers   'content-length': '407',
19 verbose headers   'accept-ranges': 'bytes',
19 verbose headers   date: 'Tue, 08 Mar 2016 01:12:48 GMT',
19 verbose headers   via: '1.1 varnish',
19 verbose headers   age: '0',
19 verbose headers   connection: 'keep-alive',
19 verbose headers   'x-served-by': 'cache-sjc3126-SJC',
19 verbose headers   'x-cache': 'MISS',
19 verbose headers   'x-cache-hits': '0',
19 verbose headers   'x-timer': 'S1457399568.477153,VS0,VE91',
19 verbose headers   vary: 'Accept' }
20 silly get cb [ 404,
20 silly get   { server: 'CouchDB/1.5.0 (Erlang OTP/R16B03)',
20 silly get     etag: '"1FN33H7U7DQMLDBI38J6ASB3S"',
20 silly get     'content-type': 'application/json',
20 silly get     'cache-control': 'max-age=0',
20 silly get     'content-length': '407',
20 silly get     'accept-ranges': 'bytes',
20 silly get     date: 'Tue, 08 Mar 2016 01:12:48 GMT',
20 silly get     via: '1.1 varnish',
20 silly get     age: '0',
20 silly get     connection: 'keep-alive',
20 silly get     'x-served-by': 'cache-sjc3126-SJC',
20 silly get     'x-cache': 'MISS',
20 silly get     'x-cache-hits': '0',
20 silly get     'x-timer': 'S1457399568.477153,VS0,VE91',
20 silly get     vary: 'Accept' } ]
21 silly fetchPackageMetaData Error: Registry returned 404 for GET on https://registry.npmjs.org/body_parser
21 silly fetchPackageMetaData     at makeError (/Users/johnfranklin/.nvm/versions/node/v4.3.1/lib/node_modules/npm/node_modules/npm-registry-client/lib/request.js:264:12)
21 silly fetchPackageMetaData     at CachingRegistryClient.<anonymous> (/Users/johnfranklin/.nvm/versions/node/v4.3.1/lib/node_modules/npm/node_modules/npm-registry-client/lib/request.js:242:14)
21 silly fetchPackageMetaData     at Request._callback (/Users/johnfranklin/.nvm/versions/node/v4.3.1/lib/node_modules/npm/node_modules/npm-registry-client/lib/request.js:172:14)
21 silly fetchPackageMetaData     at Request.self.callback (/Users/johnfranklin/.nvm/versions/node/v4.3.1/lib/node_modules/npm/node_modules/request/request.js:199:22)
21 silly fetchPackageMetaData     at emitTwo (events.js:87:13)
21 silly fetchPackageMetaData     at Request.emit (events.js:172:7)
21 silly fetchPackageMetaData     at Request.<anonymous> (/Users/johnfranklin/.nvm/versions/node/v4.3.1/lib/node_modules/npm/node_modules/request/request.js:1036:10)
21 silly fetchPackageMetaData     at emitOne (events.js:82:20)
21 silly fetchPackageMetaData     at Request.emit (events.js:169:7)
21 silly fetchPackageMetaData     at IncomingMessage.<anonymous> (/Users/johnfranklin/.nvm/versions/node/v4.3.1/lib/node_modules/npm/node_modules/request/request.js:963:12)
21 silly fetchPackageMetaData  error for body_parser { [Error: Registry returned 404 for GET on https://registry.npmjs.org/body_parser] pkgid: 'body_parser', statusCode: 404, code: 'E404' }
22 silly rollbackFailedOptional Starting
23 silly rollbackFailedOptional Finishing
24 silly runTopLevelLifecycles Starting
25 silly runTopLevelLifecycles Finishing
26 silly install printInstalled
27 verbose stack Error: Registry returned 404 for GET on https://registry.npmjs.org/body_parser
27 verbose stack     at makeError (/Users/johnfranklin/.nvm/versions/node/v4.3.1/lib/node_modules/npm/node_modules/npm-registry-client/lib/request.js:264:12)
27 verbose stack     at CachingRegistryClient.<anonymous> (/Users/johnfranklin/.nvm/versions/node/v4.3.1/lib/node_modules/npm/node_modules/npm-registry-client/lib/request.js:242:14)
27 verbose stack     at Request._callback (/Users/johnfranklin/.nvm/versions/node/v4.3.1/lib/node_modules/npm/node_modules/npm-registry-client/lib/request.js:172:14)
27 verbose stack     at Request.self.callback (/Users/johnfranklin/.nvm/versions/node/v4.3.1/lib/node_modules/npm/node_modules/request/request.js:199:22)
27 verbose stack     at emitTwo (events.js:87:13)
27 verbose stack     at Request.emit (events.js:172:7)
27 verbose stack     at Request.<anonymous> (/Users/johnfranklin/.nvm/versions/node/v4.3.1/lib/node_modules/npm/node_modules/request/request.js:1036:10)
27 verbose stack     at emitOne (events.js:82:20)
27 verbose stack     at Request.emit (events.js:169:7)
27 verbose stack     at IncomingMessage.<anonymous> (/Users/johnfranklin/.nvm/versions/node/v4.3.1/lib/node_modules/npm/node_modules/request/request.js:963:12)
28 verbose statusCode 404
29 verbose pkgid body_parser
30 verbose cwd /Users/johnfranklin/code/ng-intro
31 error Darwin 15.3.0
32 error argv "/Users/johnfranklin/.nvm/versions/node/v4.3.1/bin/node" "/Users/johnfranklin/.nvm/versions/node/v4.3.1/bin/npm" "i" "--save" "body_parser"
33 error node v4.3.1
34 error npm  v3.7.5
35 error code E404
36 error 404 Registry returned 404 for GET on https://registry.npmjs.org/body_parser
37 error 404
38 error 404 'body_parser' is not in the npm registry.
39 error 404 You should bug the author to publish it (or use the name yourself!)
40 error 404 Note that you can also install from a
41 error 404 tarball, folder, http url, or git url.
42 verbose exit [ 1, true ]
